<!DOCTYPE html>
<html>
<head>
<meta http-equiv="Content-Type" content="text/html; charset=utf-8"/>
<meta http-equiv="x-ua-compatible" content="IE=edge"/>
<title>Test results - 댓글 생성 실패 테스트</title>
<link href="../css/base-style.css" rel="stylesheet" type="text/css"/>
<link href="../css/style.css" rel="stylesheet" type="text/css"/>
<script src="../js/report.js" type="text/javascript"></script>
</head>
<body>
<div id="content">
<h1>댓글 생성 실패 테스트</h1>
<div class="breadcrumbs">
<a href="../index.html">all</a> &gt; 
<a href="../packages/com.ttasum.memorial.donationstory.controller.html">com.ttasum.memorial.donationstory.controller</a> &gt; DonationStoryCommentControllerTest$CreateCommentFailTests</div>
<div id="summary">
<table>
<tr>
<td>
<div class="summaryGroup">
<table>
<tr>
<td>
<div class="infoBox" id="tests">
<div class="counter">3</div>
<p>tests</p>
</div>
</td>
<td>
<div class="infoBox" id="failures">
<div class="counter">0</div>
<p>failures</p>
</div>
</td>
<td>
<div class="infoBox" id="ignored">
<div class="counter">0</div>
<p>ignored</p>
</div>
</td>
<td>
<div class="infoBox" id="duration">
<div class="counter">0.044s</div>
<p>duration</p>
</div>
</td>
</tr>
</table>
</div>
</td>
<td>
<div class="infoBox success" id="successRate">
<div class="percent">100%</div>
<p>successful</p>
</div>
</td>
</tr>
</table>
</div>
<div class="tab-container">
<ul class="tabLinks">
<li>
<a href="#">Tests</a>
</li>
<li>
<a href="#">Standard output</a>
</li>
</ul>
<div class="tab">
<h2>Tests</h2>
<table>
<thead>
<tr>
<th>Test</th>
<th>Method name</th>
<th>Duration</th>
<th>Result</th>
</tr>
</thead>
<tr>
<td class="success">내용 미입력 시 400</td>
<td class="success">createComment_fail_noContents()</td>
<td class="success">0.008s</td>
<td class="success">passed</td>
</tr>
<tr>
<td class="success">비밀번호 미입력 시 400</td>
<td class="success">createComment_fail_noPasscode()</td>
<td class="success">0.027s</td>
<td class="success">passed</td>
</tr>
<tr>
<td class="success">작성자 미입력 시 400</td>
<td class="success">createComment_fail_noWriter()</td>
<td class="success">0.009s</td>
<td class="success">passed</td>
</tr>
</table>
</div>
<div class="tab">
<h2>Standard output</h2>
<span class="code">
<pre>2025-05-23 17:50:51.858  INFO 2400 --- [    Test worker] .b.t.a.w.s.WebMvcTestContextBootstrapper : Neither @ContextConfiguration nor @ContextHierarchy found for test class [com.ttasum.memorial.donationstory.controller.DonationStoryCommentControllerTest$CreateCommentFailTests], using SpringBootContextLoader
2025-05-23 17:50:51.859  INFO 2400 --- [    Test worker] o.s.t.c.support.AbstractContextLoader    : Could not detect default resource locations for test class [com.ttasum.memorial.donationstory.controller.DonationStoryCommentControllerTest$CreateCommentFailTests]: no resource found for suffixes {-context.xml, Context.groovy}.
2025-05-23 17:50:51.860  INFO 2400 --- [    Test worker] t.c.s.AnnotationConfigContextLoaderUtils : Could not detect default configuration classes for test class [com.ttasum.memorial.donationstory.controller.DonationStoryCommentControllerTest$CreateCommentFailTests]: CreateCommentFailTests does not declare any static, non-private, non-final, nested classes annotated with @Configuration.
2025-05-23 17:50:51.865  INFO 2400 --- [    Test worker] .b.t.c.SpringBootTestContextBootstrapper : Found @SpringBootConfiguration com.ttasum.memorial.MemorialApplication for test class com.ttasum.memorial.donationstory.controller.DonationStoryCommentControllerTest$CreateCommentFailTests
2025-05-23 17:50:51.867  INFO 2400 --- [    Test worker] .b.t.a.w.s.WebMvcTestContextBootstrapper : Loaded default TestExecutionListener class names from location [META-INF/spring.factories]: [org.springframework.boot.test.autoconfigure.restdocs.RestDocsTestExecutionListener, org.springframework.boot.test.autoconfigure.web.client.MockRestServiceServerResetTestExecutionListener, org.springframework.boot.test.autoconfigure.web.servlet.MockMvcPrintOnlyOnFailureTestExecutionListener, org.springframework.boot.test.autoconfigure.web.servlet.WebDriverTestExecutionListener, org.springframework.boot.test.autoconfigure.webservices.client.MockWebServiceServerTestExecutionListener, org.springframework.boot.test.mock.mockito.MockitoTestExecutionListener, org.springframework.boot.test.mock.mockito.ResetMocksTestExecutionListener, org.springframework.test.context.web.ServletTestExecutionListener, org.springframework.test.context.support.DirtiesContextBeforeModesTestExecutionListener, org.springframework.test.context.event.ApplicationEventsTestExecutionListener, org.springframework.test.context.support.DependencyInjectionTestExecutionListener, org.springframework.test.context.support.DirtiesContextTestExecutionListener, org.springframework.test.context.transaction.TransactionalTestExecutionListener, org.springframework.test.context.jdbc.SqlScriptsTestExecutionListener, org.springframework.test.context.event.EventPublishingTestExecutionListener]
2025-05-23 17:50:51.867  INFO 2400 --- [    Test worker] .b.t.a.w.s.WebMvcTestContextBootstrapper : Using TestExecutionListeners: [org.springframework.test.context.web.ServletTestExecutionListener@38e7860c, org.springframework.test.context.support.DirtiesContextBeforeModesTestExecutionListener@62158991, org.springframework.test.context.event.ApplicationEventsTestExecutionListener@40738846, org.springframework.boot.test.mock.mockito.MockitoTestExecutionListener@1255de25, org.springframework.boot.test.autoconfigure.SpringBootDependencyInjectionTestExecutionListener@1686ed85, org.springframework.test.context.support.DirtiesContextTestExecutionListener@5891b7c5, org.springframework.test.context.transaction.TransactionalTestExecutionListener@4fc3529, org.springframework.test.context.jdbc.SqlScriptsTestExecutionListener@38e46765, org.springframework.test.context.event.EventPublishingTestExecutionListener@192f5f39, org.springframework.boot.test.autoconfigure.restdocs.RestDocsTestExecutionListener@4cd5fc46, org.springframework.boot.test.autoconfigure.web.client.MockRestServiceServerResetTestExecutionListener@2965dd88, org.springframework.boot.test.autoconfigure.web.servlet.MockMvcPrintOnlyOnFailureTestExecutionListener@3221588e, org.springframework.boot.test.autoconfigure.web.servlet.WebDriverTestExecutionListener@51141f64, org.springframework.boot.test.autoconfigure.webservices.client.MockWebServiceServerTestExecutionListener@32c0fecc, org.springframework.boot.test.mock.mockito.ResetMocksTestExecutionListener@35ceec81]
2025-05-23 17:50:51.895  WARN 2400 --- [    Test worker] .w.s.m.s.DefaultHandlerExceptionResolver : Resolved [org.springframework.web.bind.MethodArgumentNotValidException: Validation failed for argument [1] in public org.springframework.http.ResponseEntity&lt;java.lang.Void&gt; com.ttasum.memorial.controller.DonationStoryCommentController.createComment(java.lang.Integer,com.ttasum.memorial.dto.DonationStoryComment.DonationStoryCommentCreateRequestDto): [Field error in object 'donationStoryCommentCreateRequestDto' on field 'passcode': rejected value []; codes [NotBlank.donationStoryCommentCreateRequestDto.passcode,NotBlank.passcode,NotBlank.java.lang.String,NotBlank]; arguments [org.springframework.context.support.DefaultMessageSourceResolvable: codes [donationStoryCommentCreateRequestDto.passcode,passcode]; arguments []; default message [passcode]]; default message [must not be blank]] ]
2025-05-23 17:50:51.909  WARN 2400 --- [    Test worker] .w.s.m.s.DefaultHandlerExceptionResolver : Resolved [org.springframework.web.bind.MethodArgumentNotValidException: Validation failed for argument [1] in public org.springframework.http.ResponseEntity&lt;java.lang.Void&gt; com.ttasum.memorial.controller.DonationStoryCommentController.createComment(java.lang.Integer,com.ttasum.memorial.dto.DonationStoryComment.DonationStoryCommentCreateRequestDto): [Field error in object 'donationStoryCommentCreateRequestDto' on field 'writer': rejected value []; codes [NotBlank.donationStoryCommentCreateRequestDto.writer,NotBlank.writer,NotBlank.java.lang.String,NotBlank]; arguments [org.springframework.context.support.DefaultMessageSourceResolvable: codes [donationStoryCommentCreateRequestDto.writer,writer]; arguments []; default message [writer]]; default message [must not be blank]] ]
2025-05-23 17:50:51.920  WARN 2400 --- [    Test worker] .w.s.m.s.DefaultHandlerExceptionResolver : Resolved [org.springframework.web.bind.MethodArgumentNotValidException: Validation failed for argument [1] in public org.springframework.http.ResponseEntity&lt;java.lang.Void&gt; com.ttasum.memorial.controller.DonationStoryCommentController.createComment(java.lang.Integer,com.ttasum.memorial.dto.DonationStoryComment.DonationStoryCommentCreateRequestDto): [Field error in object 'donationStoryCommentCreateRequestDto' on field 'contents': rejected value []; codes [NotBlank.donationStoryCommentCreateRequestDto.contents,NotBlank.contents,NotBlank.java.lang.String,NotBlank]; arguments [org.springframework.context.support.DefaultMessageSourceResolvable: codes [donationStoryCommentCreateRequestDto.contents,contents]; arguments []; default message [contents]]; default message [must not be blank]] ]
</pre>
</span>
</div>
</div>
<div id="footer">
<p>
<div>
<label class="hidden" id="label-for-line-wrapping-toggle" for="line-wrapping-toggle">Wrap lines
<input id="line-wrapping-toggle" type="checkbox" autocomplete="off"/>
</label>
</div>Generated by 
<a href="https://www.gradle.org">Gradle 8.13</a> at 2025. 5. 23. 오후 5:50:52</p>
</div>
</div>
</body>
</html>
